18:35:13 **** Incremental Build of configuration Debug for project Ahmed_Alaa_Mini_Project1 ****
Info: Internal Builder is used for build
gcc -O0 -g3 -Wall -c -fmessage-length=0 -o "src\\Ahmed_Alaa_Mini_Project1.o" "..\\src\\Ahmed_Alaa_Mini_Project1.c" 
gcc -o Ahmed_Alaa_Mini_Project1.exe "src\\Ahmed_Alaa_Mini_Project1.o" "src\\functions.o" 
Info: Nothing to build for Ahmed_Alaa_Mini_Project1
Info: Nothing to build for Ahmed_Alaa_Mini_Project1
Info: Nothing to build for Ahmed_Alaa_Mini_Project1
18:36:22 **** Incremental Build of configuration Debug for project Ahmed_Alaa_Mini_Project1 ****
Info: Internal Builder is used for build
gcc -O0 -g3 -Wall -c -fmessage-length=0 -o "src\\Ahmed_Alaa_Mini_Project1.o" "..\\src\\Ahmed_Alaa_Mini_Project1.c" 
gcc -o Ahmed_Alaa_Mini_Project1.exe "src\\Ahmed_Alaa_Mini_Project1.o" "src\\functions.o" 
18:37:33 **** Incremental Build of configuration Debug for project Ahmed_Alaa_Mini_Project1 ****
Info: Internal Builder is used for build
gcc -O0 -g3 -Wall -c -fmessage-length=0 -o "src\\functions.o" "..\\src\\functions.c" 
gcc -o Ahmed_Alaa_Mini_Project1.exe "src\\Ahmed_Alaa_Mini_Project1.o" "src\\functions.o" 
18:38:48 **** Incremental Build of configuration Debug for project Ahmed_Alaa_Mini_Project1 ****
Info: Internal Builder is used for build
gcc -O0 -g3 -Wall -c -fmessage-length=0 -o "src\\functions.o" "..\\src\\functions.c" 
gcc -o Ahmed_Alaa_Mini_Project1.exe "src\\Ahmed_Alaa_Mini_Project1.o" "src\\functions.o" 
18:39:39 **** Incremental Build of configuration Debug for project Ahmed_Alaa_Mini_Project1 ****
Info: Internal Builder is used for build
gcc -O0 -g3 -Wall -c -fmessage-length=0 -o "src\\functions.o" "..\\src\\functions.c" 
gcc -o Ahmed_Alaa_Mini_Project1.exe "src\\Ahmed_Alaa_Mini_Project1.o" "src\\functions.o" 
18:40:47 **** Incremental Build of configuration Debug for project Ahmed_Alaa_Mini_Project1 ****
Info: Internal Builder is used for build
gcc -O0 -g3 -Wall -c -fmessage-length=0 -o "src\\Ahmed_Alaa_Mini_Project1.o" "..\\src\\Ahmed_Alaa_Mini_Project1.c" 
gcc -O0 -g3 -Wall -c -fmessage-length=0 -o "src\\functions.o" "..\\src\\functions.c" 
gcc -o Ahmed_Alaa_Mini_Project1.exe "src\\Ahmed_Alaa_Mini_Project1.o" "src\\functions.o" 
Info: Nothing to build for Ahmed_Alaa_Mini_Project1
Info: Nothing to build for Ahmed_Alaa_Mini_Project1
Info: Nothing to build for Ahmed_Alaa_Mini_Project1
18:42:43 **** Incremental Build of configuration Debug for project Ahmed_Alaa_Mini_Project1 ****
Info: Internal Builder is used for build
gcc -O0 -g3 -Wall -c -fmessage-length=0 -o "src\\functions.o" "..\\src\\functions.c" 
gcc -o Ahmed_Alaa_Mini_Project1.exe "src\\Ahmed_Alaa_Mini_Project1.o" "src\\functions.o" 
Info: Nothing to build for Ahmed_Alaa_Mini_Project1
18:44:22 **** Incremental Build of configuration Debug for project Ahmed_Alaa_Mini_Project1 ****
Info: Internal Builder is used for build
gcc -O0 -g3 -Wall -c -fmessage-length=0 -o "src\\functions.o" "..\\src\\functions.c" 
gcc -o Ahmed_Alaa_Mini_Project1.exe "src\\Ahmed_Alaa_Mini_Project1.o" "src\\functions.o" 
